# JRE version: OpenJDK Runtime Environment (21.0.4) (build 21.0.4+-12508038-b607.1)
# Java VM: OpenJDK 64-Bit Server VM (21.0.4+-12508038-b607.1, mixed mode, tiered, compressed oops, compressed class ptrs, g1 gc, windows-amd64)
GC Precious Log:
 CardTable entry size: 512
 Card Set container configuration: InlinePtr #cards 5 size 8 Array Of Cards #cards 12 size 40 Howl #buckets 4 coarsen threshold 1843 Howl Bitmap #cards 512 size 80 coarsen threshold 460 Card regions per heap region 1 cards per card region 2048
 CPUs: 8 total, 8 available
 Memory: 14278M
 Large Page Support: Disabled
 NUMA Support: Disabled
 Compressed Oops: Enabled (32-bit)
 Heap Region Size: 1M
 Heap Min Capacity: 8M
 Heap Initial Capacity: 224M
 Heap Max Capacity: 2G
 Pre-touch: Disabled
 Parallel Workers: 8
 Concurrent Workers: 2
 Concurrent Refinement Workers: 8
 Periodic GC: Disabled
Heap:
 garbage-first heap   total 209920K, used 161400K [0x0000000080000000, 0x0000000100000000)
  region size 1024K, 39 young (39936K), 9 survivors (9216K)
 Metaspace       used 150903K, committed 153216K, reserved 1245184K
  class space    used 19262K, committed 20416K, reserved 1048576K
GC Heap History (20 events):
Event: 46.576 GC heap before
{Heap before GC invocations=34 (full 0):
 garbage-first heap   total 152576K, used 137807K [0x0000000080000000, 0x0000000100000000)
  region size 1024K, 43 young (44032K), 6 survivors (6144K)
 Metaspace       used 97129K, committed 99072K, reserved 1179648K
  class space    used 13304K, committed 14272K, reserved 1048576K
}
Event: 46.604 GC heap after
{Heap after GC invocations=35 (full 0):
 garbage-first heap   total 155648K, used 100493K [0x0000000080000000, 0x0000000100000000)
  region size 1024K, 6 young (6144K), 6 survivors (6144K)
 Metaspace       used 97129K, committed 99072K, reserved 1179648K
  class space    used 13304K, committed 14272K, reserved 1048576K
}
Event: 47.483 GC heap before
{Heap before GC invocations=35 (full 0):
 garbage-first heap   total 155648K, used 125069K [0x0000000080000000, 0x0000000100000000)
  region size 1024K, 31 young (31744K), 6 survivors (6144K)
 Metaspace       used 100668K, committed 102656K, reserved 1179648K
  class space    used 13699K, committed 14656K, reserved 1048576K
}
Event: 47.497 GC heap after
{Heap after GC invocations=36 (full 0):
 garbage-first heap   total 155648K, used 103568K [0x0000000080000000, 0x0000000100000000)
  region size 1024K, 3 young (3072K), 3 survivors (3072K)
 Metaspace       used 100668K, committed 102656K, reserved 1179648K
  class space    used 13699K, committed 14656K, reserved 1048576K
}
Event: 49.756 GC heap before
{Heap before GC invocations=37 (full 0):
 garbage-first heap   total 186368K, used 145552K [0x0000000080000000, 0x0000000100000000)
  region size 1024K, 37 young (37888K), 3 survivors (3072K)
 Metaspace       used 104246K, committed 106176K, reserved 1179648K
  class space    used 14066K, committed 15040K, reserved 1048576K
}
Event: 49.767 GC heap after
{Heap after GC invocations=38 (full 0):
 garbage-first heap   total 186368K, used 113089K [0x0000000080000000, 0x0000000100000000)
  region size 1024K, 5 young (5120K), 5 survivors (5120K)
 Metaspace       used 104246K, committed 106176K, reserved 1179648K
  class space    used 14066K, committed 15040K, reserved 1048576K
}
Event: 51.928 GC heap before
{Heap before GC invocations=38 (full 0):
 garbage-first heap   total 186368K, used 164289K [0x0000000080000000, 0x0000000100000000)
  region size 1024K, 55 young (56320K), 5 survivors (5120K)
 Metaspace       used 110662K, committed 112896K, reserved 1179648K
  class space    used 14811K, committed 15936K, reserved 1048576K
}
Event: 51.939 GC heap after
{Heap after GC invocations=39 (full 0):
 garbage-first heap   total 186368K, used 113748K [0x0000000080000000, 0x0000000100000000)
  region size 1024K, 6 young (6144K), 6 survivors (6144K)
 Metaspace       used 110662K, committed 112896K, reserved 1179648K
  class space    used 14811K, committed 15936K, reserved 1048576K
}
Event: 54.605 GC heap before
{Heap before GC invocations=39 (full 0):
 garbage-first heap   total 186368K, used 168020K [0x0000000080000000, 0x0000000100000000)
  region size 1024K, 59 young (60416K), 6 survivors (6144K)
 Metaspace       used 118148K, committed 120384K, reserved 1179648K
  class space    used 15719K, committed 16832K, reserved 1048576K
}
Event: 54.619 GC heap after
{Heap after GC invocations=40 (full 0):
 garbage-first heap   total 186368K, used 116467K [0x0000000080000000, 0x0000000100000000)
  region size 1024K, 6 young (6144K), 6 survivors (6144K)
 Metaspace       used 118148K, committed 120384K, reserved 1179648K
  class space    used 15719K, committed 16832K, reserved 1048576K
}
Event: 55.471 GC heap before
{Heap before GC invocations=41 (full 0):
 garbage-first heap   total 196608K, used 168691K [0x0000000080000000, 0x0000000100000000)
  region size 1024K, 56 young (57344K), 6 survivors (6144K)
 Metaspace       used 118882K, committed 121088K, reserved 1179648K
  class space    used 15788K, committed 16896K, reserved 1048576K
}
Event: 55.483 GC heap after
{Heap after GC invocations=42 (full 0):
 garbage-first heap   total 196608K, used 120390K [0x0000000080000000, 0x0000000100000000)
  region size 1024K, 7 young (7168K), 7 survivors (7168K)
 Metaspace       used 118882K, committed 121088K, reserved 1179648K
  class space    used 15788K, committed 16896K, reserved 1048576K
}
Event: 58.576 GC heap before
{Heap before GC invocations=42 (full 0):
 garbage-first heap   total 196608K, used 176710K [0x0000000080000000, 0x0000000100000000)
  region size 1024K, 62 young (63488K), 7 survivors (7168K)
 Metaspace       used 125364K, committed 127552K, reserved 1179648K
  class space    used 16439K, committed 17536K, reserved 1048576K
}
Event: 58.595 GC heap after
{Heap after GC invocations=43 (full 0):
 garbage-first heap   total 196608K, used 122849K [0x0000000080000000, 0x0000000100000000)
  region size 1024K, 8 young (8192K), 8 survivors (8192K)
 Metaspace       used 125364K, committed 127552K, reserved 1179648K
  class space    used 16439K, committed 17536K, reserved 1048576K
}
Event: 60.950 GC heap before
{Heap before GC invocations=43 (full 0):
 garbage-first heap   total 196608K, used 177121K [0x0000000080000000, 0x0000000100000000)
  region size 1024K, 61 young (62464K), 8 survivors (8192K)
 Metaspace       used 133585K, committed 135808K, reserved 1179648K
  class space    used 17303K, committed 18432K, reserved 1048576K
}
Event: 60.960 GC heap after
{Heap after GC invocations=44 (full 0):
 garbage-first heap   total 196608K, used 124536K [0x0000000080000000, 0x0000000100000000)
  region size 1024K, 6 young (6144K), 6 survivors (6144K)
 Metaspace       used 133585K, committed 135808K, reserved 1179648K
  class space    used 17303K, committed 18432K, reserved 1048576K
}
Event: 63.415 GC heap before
{Heap before GC invocations=45 (full 0):
 garbage-first heap   total 209920K, used 177784K [0x0000000080000000, 0x0000000100000000)
  region size 1024K, 58 young (59392K), 6 survivors (6144K)
 Metaspace       used 141392K, committed 143680K, reserved 1179648K
  class space    used 18142K, committed 19264K, reserved 1048576K
}
Event: 63.428 GC heap after
{Heap after GC invocations=46 (full 0):
 garbage-first heap   total 209920K, used 125952K [0x0000000080000000, 0x0000000100000000)
  region size 1024K, 3 young (3072K), 3 survivors (3072K)
 Metaspace       used 141392K, committed 143680K, reserved 1179648K
  class space    used 18142K, committed 19264K, reserved 1048576K
}
Event: 75.954 GC heap before
{Heap before GC invocations=46 (full 0):
 garbage-first heap   total 209920K, used 194560K [0x0000000080000000, 0x0000000100000000)
  region size 1024K, 71 young (72704K), 3 survivors (3072K)
 Metaspace       used 150726K, committed 153024K, reserved 1245184K
  class space    used 19254K, committed 20416K, reserved 1048576K
}
Event: 75.975 GC heap after
{Heap after GC invocations=47 (full 0):
 garbage-first heap   total 209920K, used 132728K [0x0000000080000000, 0x0000000100000000)
  region size 1024K, 9 young (9216K), 9 survivors (9216K)
 Metaspace       used 150726K, committed 153024K, reserved 1245184K
  class space    used 19254K, committed 20416K, reserved 1048576K
}

